11:05:27.945 [debug] Child {LoggerFileBackend, :general_log} of Supervisor Logger.Backends.Supervisor started
Pid: #PID<0.114.0>
Start Call: Logger.Backends.Watcher.start_link({{LoggerFileBackend, :general_log}, {LoggerFileBackend, :general_log}})
Restart: :transient
Shutdown: 5000
Type: :worker
11:05:27.945 [info] Child Logger.Backends.Supervisor of Supervisor Logger.Backends.Internal started
Pid: #PID<0.113.0>
Start Call: Logger.Backends.Supervisor.start_link([{LoggerFileBackend, :general_log}])
Restart: :permanent
Shutdown: :infinity
Type: :supervisor
11:05:27.945 [info] Child Logger.Backends.Internal of Supervisor Logger.Supervisor started
Pid: #PID<0.109.0>
Start Call: Logger.Backends.Internal.start_link([])
Restart: :permanent
Shutdown: :infinity
Type: :supervisor
11:05:27.945 [info] Application logger started at :nonode@nohost
11:05:29.862 [error] FATAL: Lexical is not compatible with Elixir 1.18.0

Lexical is compatible with the following versions of Elixir:

  >= 1.13.0
  >= 1.14.0
  >= 1.15.3
  >= 1.16.0
  >= 1.17.0
  >= 1.17.0-rc

11:18:38.721 [debug] Child {LoggerFileBackend, :general_log} of Supervisor Logger.Backends.Supervisor started
Pid: #PID<0.114.0>
Start Call: Logger.Backends.Watcher.start_link({{LoggerFileBackend, :general_log}, {LoggerFileBackend, :general_log}})
Restart: :transient
Shutdown: 5000
Type: :worker
11:18:38.721 [info] Child Logger.Backends.Supervisor of Supervisor Logger.Backends.Internal started
Pid: #PID<0.113.0>
Start Call: Logger.Backends.Supervisor.start_link([{LoggerFileBackend, :general_log}])
Restart: :permanent
Shutdown: :infinity
Type: :supervisor
11:18:38.721 [info] Child Logger.Backends.Internal of Supervisor Logger.Supervisor started
Pid: #PID<0.109.0>
Start Call: Logger.Backends.Internal.start_link([])
Restart: :permanent
Shutdown: :infinity
Type: :supervisor
11:18:38.721 [info] Application logger started at :nonode@nohost
11:18:39.491 [error] FATAL: Lexical is not compatible with Elixir 1.18.0

Lexical is compatible with the following versions of Elixir:

  >= 1.13.0
  >= 1.14.0
  >= 1.15.3
  >= 1.16.0
  >= 1.17.0
  >= 1.17.0-rc

